<?xml version="1.0" encoding="UTF-8"?>
<testng-results ignored="0" total="1" passed="1" failed="0" skipped="0">
  <reporter-output>
  </reporter-output>
  <suite started-at="2022-09-13T20:20:39 IST" name="Suite" finished-at="2022-09-13T20:21:12 IST" duration-ms="32745">
    <groups>
    </groups>
    <test started-at="2022-09-13T20:20:39 IST" name="Test" finished-at="2022-09-13T20:21:12 IST" duration-ms="32745">
      <class name="orangeCRM.orangeCRM.components">
        <test-method signature="test(java.lang.String,java.lang.String,java.lang.String)[pri:0, instance:orangeCRM.orangeCRM.components@120f102b]" started-at="2022-09-13T20:20:39 IST" name="test" finished-at="2022-09-13T20:21:12 IST" duration-ms="32707" status="PASS">
          <params>
            <param index="0">
              <value>
                <![CDATA[TestABC11]]>
              </value>
            </param>
            <param index="1">
              <value>
                <![CDATA[Test@123456]]>
              </value>
            </param>
            <param index="2">
              <value>
                <![CDATA[Lname11]]>
              </value>
            </param>
          </params>
          <reporter-output>
          </reporter-output>
        </test-method> <!-- test -->
      </class> <!-- orangeCRM.orangeCRM.components -->
    </test> <!-- Test -->
  </suite> <!-- Suite -->
</testng-results>
